<?xml version="1.0" encoding="UTF-8"?>
<testsuite xmlns:xsi="http://www.w3.org/2001/XMLSchema-instance" xsi:noNamespaceSchemaLocation="https://maven.apache.org/surefire/maven-surefire-plugin/xsd/surefire-test-report-3.0.xsd" version="3.0" name="acmecollege.entity.TestCRUDPeerTutorRegistrationOriginal" time="1.439" tests="9" errors="0" skipped="0" failures="0">
  <properties>
    <property name="java.specification.version" value="17"/>
    <property name="sun.cpu.isalist" value="amd64"/>
    <property name="sun.jnu.encoding" value="Cp1252"/>
    <property name="java.class.path" value="C:\24W-CST8277-Miok\eclipse-workplace\ACMECollege-JPA-Mapping-JUnit-Skeleton\target\test-classes;C:\24W-CST8277-Miok\eclipse-workplace\ACMECollege-JPA-Mapping-JUnit-Skeleton\target\classes;C:\Users\Miok Kim\.m2\repository\org\apache\logging\log4j\log4j-api\2.17.1\log4j-api-2.17.1.jar;C:\Users\Miok Kim\.m2\repository\org\apache\logging\log4j\log4j-core\2.17.1\log4j-core-2.17.1.jar;C:\Users\Miok Kim\.m2\repository\jakarta\annotation\jakarta.annotation-api\1.3.5\jakarta.annotation-api-1.3.5.jar;C:\Users\Miok Kim\.m2\repository\jakarta\persistence\jakarta.persistence-api\2.2.3\jakarta.persistence-api-2.2.3.jar;C:\Users\Miok Kim\.m2\repository\org\hibernate\hibernate-entitymanager\5.6.3.Final\hibernate-entitymanager-5.6.3.Final.jar;C:\Users\Miok Kim\.m2\repository\org\jboss\logging\jboss-logging\3.4.2.Final\jboss-logging-3.4.2.Final.jar;C:\Users\Miok Kim\.m2\repository\org\hibernate\hibernate-core\5.6.3.Final\hibernate-core-5.6.3.Final.jar;C:\Users\Miok Kim\.m2\repository\antlr\antlr\2.7.7\antlr-2.7.7.jar;C:\Users\Miok Kim\.m2\repository\org\jboss\jandex\2.2.3.Final\jandex-2.2.3.Final.jar;C:\Users\Miok Kim\.m2\repository\com\fasterxml\classmate\1.5.1\classmate-1.5.1.jar;C:\Users\Miok Kim\.m2\repository\javax\activation\javax.activation-api\1.2.0\javax.activation-api-1.2.0.jar;C:\Users\Miok Kim\.m2\repository\javax\xml\bind\jaxb-api\2.3.1\jaxb-api-2.3.1.jar;C:\Users\Miok Kim\.m2\repository\org\glassfish\jaxb\jaxb-runtime\2.3.1\jaxb-runtime-2.3.1.jar;C:\Users\Miok Kim\.m2\repository\org\glassfish\jaxb\txw2\2.3.1\txw2-2.3.1.jar;C:\Users\Miok Kim\.m2\repository\com\sun\istack\istack-commons-runtime\3.0.7\istack-commons-runtime-3.0.7.jar;C:\Users\Miok Kim\.m2\repository\org\jvnet\staxex\stax-ex\1.8\stax-ex-1.8.jar;C:\Users\Miok Kim\.m2\repository\com\sun\xml\fastinfoset\FastInfoset\1.2.15\FastInfoset-1.2.15.jar;C:\Users\Miok Kim\.m2\repository\org\hibernate\common\hibernate-commons-annotations\5.1.2.Final\hibernate-commons-annotations-5.1.2.Final.jar;C:\Users\Miok Kim\.m2\repository\net\bytebuddy\byte-buddy\1.11.20\byte-buddy-1.11.20.jar;C:\Users\Miok Kim\.m2\repository\org\jboss\spec\javax\transaction\jboss-transaction-api_1.2_spec\1.1.1.Final\jboss-transaction-api_1.2_spec-1.1.1.Final.jar;C:\Users\Miok Kim\.m2\repository\com\mysql\mysql-connector-j\8.0.31\mysql-connector-j-8.0.31.jar;C:\Users\Miok Kim\.m2\repository\com\google\protobuf\protobuf-java\3.19.4\protobuf-java-3.19.4.jar;C:\Users\Miok Kim\.m2\repository\org\junit\jupiter\junit-jupiter\5.7.0\junit-jupiter-5.7.0.jar;C:\Users\Miok Kim\.m2\repository\org\junit\jupiter\junit-jupiter-api\5.7.0\junit-jupiter-api-5.7.0.jar;C:\Users\Miok Kim\.m2\repository\org\apiguardian\apiguardian-api\1.1.0\apiguardian-api-1.1.0.jar;C:\Users\Miok Kim\.m2\repository\org\opentest4j\opentest4j\1.2.0\opentest4j-1.2.0.jar;C:\Users\Miok Kim\.m2\repository\org\junit\platform\junit-platform-commons\1.7.0\junit-platform-commons-1.7.0.jar;C:\Users\Miok Kim\.m2\repository\org\junit\jupiter\junit-jupiter-params\5.7.0\junit-jupiter-params-5.7.0.jar;C:\Users\Miok Kim\.m2\repository\org\junit\jupiter\junit-jupiter-engine\5.7.0\junit-jupiter-engine-5.7.0.jar;C:\Users\Miok Kim\.m2\repository\org\junit\platform\junit-platform-engine\1.7.0\junit-platform-engine-1.7.0.jar;C:\Users\Miok Kim\.m2\repository\org\hamcrest\hamcrest\2.2\hamcrest-2.2.jar;C:\Users\Miok Kim\.m2\repository\org\hamcrest\hamcrest-library\2.2\hamcrest-library-2.2.jar;C:\Users\Miok Kim\.m2\repository\org\hamcrest\hamcrest-core\2.2\hamcrest-core-2.2.jar;"/>
    <property name="java.vm.vendor" value="Eclipse Adoptium"/>
    <property name="sun.arch.data.model" value="64"/>
    <property name="user.variant" value=""/>
    <property name="java.vendor.url" value="https://adoptium.net/"/>
    <property name="user.timezone" value="America/Toronto"/>
    <property name="os.name" value="Windows 11"/>
    <property name="java.vm.specification.version" value="17"/>
    <property name="sun.java.launcher" value="SUN_STANDARD"/>
    <property name="user.country" value="CA"/>
    <property name="sun.boot.library.path" value="C:\Adoptium\jdk17-0.1.8-hotspot\bin"/>
    <property name="sun.java.command" value="C:\Users\Miok Kim\AppData\Local\Temp\surefire17820018347186662281\surefirebooter8950903514213406177.jar C:\Users\Miok Kim\AppData\Local\Temp\surefire17820018347186662281 2024-03-21T16-48-44_406-jvmRun1 surefire12780051674090193536tmp surefire_04844152443358981980tmp"/>
    <property name="jdk.debug" value="release"/>
    <property name="surefire.test.class.path" value="C:\24W-CST8277-Miok\eclipse-workplace\ACMECollege-JPA-Mapping-JUnit-Skeleton\target\test-classes;C:\24W-CST8277-Miok\eclipse-workplace\ACMECollege-JPA-Mapping-JUnit-Skeleton\target\classes;C:\Users\Miok Kim\.m2\repository\org\apache\logging\log4j\log4j-api\2.17.1\log4j-api-2.17.1.jar;C:\Users\Miok Kim\.m2\repository\org\apache\logging\log4j\log4j-core\2.17.1\log4j-core-2.17.1.jar;C:\Users\Miok Kim\.m2\repository\jakarta\annotation\jakarta.annotation-api\1.3.5\jakarta.annotation-api-1.3.5.jar;C:\Users\Miok Kim\.m2\repository\jakarta\persistence\jakarta.persistence-api\2.2.3\jakarta.persistence-api-2.2.3.jar;C:\Users\Miok Kim\.m2\repository\org\hibernate\hibernate-entitymanager\5.6.3.Final\hibernate-entitymanager-5.6.3.Final.jar;C:\Users\Miok Kim\.m2\repository\org\jboss\logging\jboss-logging\3.4.2.Final\jboss-logging-3.4.2.Final.jar;C:\Users\Miok Kim\.m2\repository\org\hibernate\hibernate-core\5.6.3.Final\hibernate-core-5.6.3.Final.jar;C:\Users\Miok Kim\.m2\repository\antlr\antlr\2.7.7\antlr-2.7.7.jar;C:\Users\Miok Kim\.m2\repository\org\jboss\jandex\2.2.3.Final\jandex-2.2.3.Final.jar;C:\Users\Miok Kim\.m2\repository\com\fasterxml\classmate\1.5.1\classmate-1.5.1.jar;C:\Users\Miok Kim\.m2\repository\javax\activation\javax.activation-api\1.2.0\javax.activation-api-1.2.0.jar;C:\Users\Miok Kim\.m2\repository\javax\xml\bind\jaxb-api\2.3.1\jaxb-api-2.3.1.jar;C:\Users\Miok Kim\.m2\repository\org\glassfish\jaxb\jaxb-runtime\2.3.1\jaxb-runtime-2.3.1.jar;C:\Users\Miok Kim\.m2\repository\org\glassfish\jaxb\txw2\2.3.1\txw2-2.3.1.jar;C:\Users\Miok Kim\.m2\repository\com\sun\istack\istack-commons-runtime\3.0.7\istack-commons-runtime-3.0.7.jar;C:\Users\Miok Kim\.m2\repository\org\jvnet\staxex\stax-ex\1.8\stax-ex-1.8.jar;C:\Users\Miok Kim\.m2\repository\com\sun\xml\fastinfoset\FastInfoset\1.2.15\FastInfoset-1.2.15.jar;C:\Users\Miok Kim\.m2\repository\org\hibernate\common\hibernate-commons-annotations\5.1.2.Final\hibernate-commons-annotations-5.1.2.Final.jar;C:\Users\Miok Kim\.m2\repository\net\bytebuddy\byte-buddy\1.11.20\byte-buddy-1.11.20.jar;C:\Users\Miok Kim\.m2\repository\org\jboss\spec\javax\transaction\jboss-transaction-api_1.2_spec\1.1.1.Final\jboss-transaction-api_1.2_spec-1.1.1.Final.jar;C:\Users\Miok Kim\.m2\repository\com\mysql\mysql-connector-j\8.0.31\mysql-connector-j-8.0.31.jar;C:\Users\Miok Kim\.m2\repository\com\google\protobuf\protobuf-java\3.19.4\protobuf-java-3.19.4.jar;C:\Users\Miok Kim\.m2\repository\org\junit\jupiter\junit-jupiter\5.7.0\junit-jupiter-5.7.0.jar;C:\Users\Miok Kim\.m2\repository\org\junit\jupiter\junit-jupiter-api\5.7.0\junit-jupiter-api-5.7.0.jar;C:\Users\Miok Kim\.m2\repository\org\apiguardian\apiguardian-api\1.1.0\apiguardian-api-1.1.0.jar;C:\Users\Miok Kim\.m2\repository\org\opentest4j\opentest4j\1.2.0\opentest4j-1.2.0.jar;C:\Users\Miok Kim\.m2\repository\org\junit\platform\junit-platform-commons\1.7.0\junit-platform-commons-1.7.0.jar;C:\Users\Miok Kim\.m2\repository\org\junit\jupiter\junit-jupiter-params\5.7.0\junit-jupiter-params-5.7.0.jar;C:\Users\Miok Kim\.m2\repository\org\junit\jupiter\junit-jupiter-engine\5.7.0\junit-jupiter-engine-5.7.0.jar;C:\Users\Miok Kim\.m2\repository\org\junit\platform\junit-platform-engine\1.7.0\junit-platform-engine-1.7.0.jar;C:\Users\Miok Kim\.m2\repository\org\hamcrest\hamcrest\2.2\hamcrest-2.2.jar;C:\Users\Miok Kim\.m2\repository\org\hamcrest\hamcrest-library\2.2\hamcrest-library-2.2.jar;C:\Users\Miok Kim\.m2\repository\org\hamcrest\hamcrest-core\2.2\hamcrest-core-2.2.jar;"/>
    <property name="sun.cpu.endian" value="little"/>
    <property name="user.home" value="C:\Users\Miok Kim"/>
    <property name="user.language" value="en"/>
    <property name="java.specification.vendor" value="Oracle Corporation"/>
    <property name="java.version.date" value="2022-10-18"/>
    <property name="generateReports" value="false"/>
    <property name="java.home" value="C:\Adoptium\jdk17-0.1.8-hotspot"/>
    <property name="file.separator" value="\"/>
    <property name="style.color" value="always"/>
    <property name="basedir" value="C:\24W-CST8277-Miok\eclipse-workplace\ACMECollege-JPA-Mapping-JUnit-Skeleton"/>
    <property name="java.vm.compressedOopsMode" value="32-bit"/>
    <property name="line.separator" value="&#10;"/>
    <property name="java.vm.specification.vendor" value="Oracle Corporation"/>
    <property name="java.specification.name" value="Java Platform API Specification"/>
    <property name="surefire.real.class.path" value="C:\Users\Miok Kim\AppData\Local\Temp\surefire17820018347186662281\surefirebooter8950903514213406177.jar"/>
    <property name="user.script" value=""/>
    <property name="sun.management.compiler" value="HotSpot 64-Bit Tiered Compilers"/>
    <property name="java.runtime.version" value="17.0.5+8"/>
    <property name="user.name" value="Miok Kim"/>
    <property name="path.separator" value=";"/>
    <property name="os.version" value="10.0"/>
    <property name="java.runtime.name" value="OpenJDK Runtime Environment"/>
    <property name="file.encoding" value="Cp1252"/>
    <property name="java.vm.name" value="OpenJDK 64-Bit Server VM"/>
    <property name="java.vendor.version" value="Temurin-17.0.5+8"/>
    <property name="localRepository" value="C:\Users\Miok Kim\.m2\repository"/>
    <property name="java.vendor.url.bug" value="https://github.com/adoptium/adoptium-support/issues"/>
    <property name="java.io.tmpdir" value="C:\Users\MIOKKI~1\AppData\Local\Temp\"/>
    <property name="java.version" value="17.0.5"/>
    <property name="user.dir" value="C:\24W-CST8277-Miok\eclipse-workplace\ACMECollege-JPA-Mapping-JUnit-Skeleton"/>
    <property name="os.arch" value="amd64"/>
    <property name="java.vm.specification.name" value="Java Virtual Machine Specification"/>
    <property name="sun.os.patch.level" value=""/>
    <property name="native.encoding" value="Cp1252"/>
    <property name="java.library.path" value="C:\Adoptium\jdk17-0.1.8-hotspot\bin;C:\WINDOWS\Sun\Java\bin;C:\WINDOWS\system32;C:\WINDOWS;C:/24W-CST8277-Miok/Document/eclipse//plugins/org.eclipse.justj.openjdk.hotspot.jre.full.win32.x86_64_17.0.10.v20240120-1143/jre/bin/server;C:/24W-CST8277-Miok/Document/eclipse//plugins/org.eclipse.justj.openjdk.hotspot.jre.full.win32.x86_64_17.0.10.v20240120-1143/jre/bin;C:\Program Files\Python312\Scripts\;C:\Program Files\Python312\;C:\Adoptium\jdk17-0.1.8-hotspot\bin;C:\Oracle19cinstall\WINDOWS.X64_193000_db_home\bin;C:\oracle19cinstall\bin;C:\Program Files (x86)\VMware\VMware Workstation\bin\;C:\AmazonCorretto\jdk17.0.5_8\bin;C:\WINDOWS\system32;C:\WINDOWS;C:\WINDOWS\System32\Wbem;C:\WINDOWS\System32\WindowsPowerShell\v1.0\;C:\WINDOWS\System32\OpenSSH\;C:\Program Files\dotnet\;C:\Program Files\Git\cmd;C:\Program Files\nodejs\;C:\ProgramData\chocolatey\bin;C:\Program Files\MySQL\MySQL Shell 8.0\bin\;C:\Users\Miok Kim\AppData\Local\Microsoft\WindowsApps;C:\Users\Miok Kim\AppData\Local\Programs\Microsoft VS Code\bin;C:\Program Files\Azure Data Studio\bin;C:\Users\Miok Kim\AppData\Roaming\npm;C:\Users\Miok Kim\AppData\Local\Programs\mongosh\;C:\24W-CST8277-Miok\Document\eclipse;;."/>
    <property name="java.vm.info" value="mixed mode, sharing"/>
    <property name="java.vendor" value="Eclipse Adoptium"/>
    <property name="java.vm.version" value="17.0.5+8"/>
    <property name="sun.io.unicode.encoding" value="UnicodeLittle"/>
    <property name="java.class.version" value="61.0"/>
  </properties>
  <testcase name="test01_Empty" classname="acmecollege.entity.TestCRUDPeerTutorRegistrationOriginal" time="0.008">
    <system-out><![CDATA[2024-03-21T16:48:57,425|[WARN ] pooling -HHH10001002: Using Hibernate built-in connection pool (not for production use!)
2024-03-21T16:48:57,760|[DEBUG] SQL -
    
    use acmecollege
2024-03-21T16:48:57,765|[DEBUG] SQL -
    
    SET FOREIGN_KEY_CHECKS = 0
2024-03-21T16:48:57,766|[DEBUG] SQL -
    
    TRUNCATE TABLE acmecollege.peer_tutor
2024-03-21T16:48:57,824|[DEBUG] SQL -
    
    TRUNCATE TABLE acmecollege.student_club
2024-03-21T16:48:57,917|[DEBUG] SQL -
    
    TRUNCATE TABLE acmecollege.club_membership
2024-03-21T16:48:58,008|[DEBUG] SQL -
    
    TRUNCATE TABLE acmecollege.peer_tutor_registration
2024-03-21T16:48:58,083|[DEBUG] SQL -
    
    TRUNCATE TABLE acmecollege.membership_card
2024-03-21T16:48:58,182|[DEBUG] SQL -
    
    TRUNCATE TABLE acmecollege.student
2024-03-21T16:48:58,230|[DEBUG] SQL -
    
    TRUNCATE TABLE acmecollege.course
2024-03-21T16:48:58,285|[DEBUG] SQL -
    
    SET FOREIGN_KEY_CHECKS = 1
2024-03-21T16:48:58,293|[DEBUG] SQL -CREATE SCHEMA IF NOT EXISTS `acmecollege` DEFAULT CHARACTER SET utf8mb4
2024-03-21T16:48:58,301|[DEBUG] SQL -
    
    USE `acmecollege`
2024-03-21T16:48:58,302|[DEBUG] SQL -
    
    CREATE TABLE IF NOT EXISTS `student` (
          `id` INT NOT NULL AUTO_INCREMENT,
          `first_name` VARCHAR(50) NOT NULL,
          `last_name` VARCHAR(50) NOT NULL,
          `created` DATETIME NULL,
          `updated` DATETIME NULL,
          `version` BIGINT NOT NULL DEFAULT 1,
          PRIMARY KEY (`id`) 
    )
2024-03-21T16:48:58,310|[DEBUG] SQL -
    
    CREATE TABLE IF NOT EXISTS `student_club` (
          `club_id` INT NOT NULL AUTO_INCREMENT,
          `name` VARCHAR(100) NOT NULL,
          `academic` BIT(1) NOT NULL,
          `created` DATETIME NULL,
          `updated` DATETIME NULL,
          `version` BIGINT NOT NULL DEFAULT 1,
          PRIMARY KEY (`club_id`),
          UNIQUE INDEX `name_UNIQUE` (`name` ASC) VISIBLE 
    )
2024-03-21T16:48:58,316|[DEBUG] SQL -
    
    CREATE TABLE IF NOT EXISTS `club_membership` (
          `membership_id` INT NOT NULL AUTO_INCREMENT,
          `club_id` INT NOT NULL,
          `start_date` DATETIME NOT NULL,
          `end_date` DATETIME NOT NULL,
          `active` BIT(1) NOT NULL,
          `created` DATETIME NULL,
          `updated` DATETIME NULL,
          `version` BIGINT NOT NULL DEFAULT 1,
          PRIMARY KEY (`membership_id`),
          INDEX `fk_club_membership_student_club1_idx` (`club_id` ASC) VISIBLE,
          CONSTRAINT `fk_club_membership_student_club1`     FOREIGN KEY (`club_id`) REFERENCES `student_club` (`club_id`) ON DELETE NO ACTION ON UPDATE NO ACTION 
    )
2024-03-21T16:48:58,320|[DEBUG] SQL -
    
    CREATE TABLE IF NOT EXISTS `membership_card` (
          `card_id` INT NOT NULL AUTO_INCREMENT,
          `student_id` INT NOT NULL,
          `membership_id` INT NULL,
          `signed` BIT(1) NOT NULL,
          `created` DATETIME NULL,
          `updated` DATETIME NULL,
          `version` BIGINT NOT NULL DEFAULT 1,
          INDEX `fk_membership_card_student1_idx` (`student_id` ASC) VISIBLE,
          INDEX `fk_membership_card_club_membership1_idx` (`membership_id` ASC) VISIBLE,
          UNIQUE INDEX `card_id_UNIQUE` (`card_id` ASC) VISIBLE,
          PRIMARY KEY (`card_id`),
          CONSTRAINT `fk_membership_card_student1`     FOREIGN KEY (`student_id`)     REFERENCES `student` (`id`)     ON DELETE NO ACTION     ON UPDATE NO ACTION,
          CONSTRAINT `fk_membership_card_club_membership1`     FOREIGN KEY (`membership_id`)     REFERENCES `club_membership` (`membership_id`)     ON DELETE NO ACTION     ON UPDATE NO ACTION 
    )
2024-03-21T16:48:58,325|[DEBUG] SQL -
    
    CREATE TABLE IF NOT EXISTS `peer_tutor` (
          `peer_tutor_id` INT NOT NULL AUTO_INCREMENT,
          `first_name` VARCHAR(50) NOT NULL,
          `last_name` VARCHAR(50) NOT NULL,
          `program` VARCHAR(50) NOT NULL,
          `created` DATETIME NULL,
          `updated` DATETIME NULL,
          `version` BIGINT NOT NULL DEFAULT 1,
          PRIMARY KEY (`peer_tutor_id`) 
    )
2024-03-21T16:48:58,331|[DEBUG] SQL -
    
    CREATE TABLE IF NOT EXISTS `course` (
          `course_id` INT NOT NULL AUTO_INCREMENT,
          `course_code` VARCHAR(7) NOT NULL,
          `course_title` VARCHAR(100) NOT NULL,
          `year` INT NOT NULL,
          `semester` VARCHAR(6) NOT NULL,
          `credit_units` INT NOT NULL,
          `online` BIT(1) NOT NULL,
          `created` DATETIME NULL,
          `updated` DATETIME NULL,
          `version` BIGINT NOT NULL DEFAULT 1,
          PRIMARY KEY (`course_id`) 
    )
2024-03-21T16:48:58,337|[DEBUG] SQL -
    
    CREATE TABLE IF NOT EXISTS `peer_tutor_registration` (
          `student_id` INT NOT NULL,
          `course_id` INT NOT NULL,
          `numeric_grade` INT NULL,
          `letter_grade` VARCHAR(3) NULL,
          `peer_tutor_id` INT NULL,
          `created` DATETIME NULL,
          `updated` DATETIME NULL,
          `version` BIGINT NOT NULL DEFAULT 1,
          PRIMARY KEY (`student_id`, `course_id`),
          INDEX `fk_peer_tutor_registration_course1_idx` (`course_id` ASC) VISIBLE,
          INDEX `fk_peer_tutor_registration_student1_idx` (`student_id` ASC) VISIBLE,
          CONSTRAINT `fk_peer_tutor_registration_peer_tutor1`     FOREIGN KEY (`peer_tutor_id`)     REFERENCES `peer_tutor` (`peer_tutor_id`)     ON DELETE NO ACTION     ON UPDATE NO ACTION,
          CONSTRAINT `fk_peer_tutor_registration_course1`     FOREIGN KEY (`course_id`)     REFERENCES `course` (`course_id`)     ON DELETE NO ACTION     ON UPDATE NO ACTION,
          CONSTRAINT `fk_peer_tutor_registration_student1`     FOREIGN KEY (`student_id`)     REFERENCES `student` (`id`)     ON DELETE NO ACTION     ON UPDATE NO ACTION 
    )
2024-03-21T16:48:58,358|[DEBUG] SQL -
    /* delete MembershipCard as generatedAlias0 
    where
        1=1 */ delete 
        from
            membership_card 
        where
            1=1
2024-03-21T16:48:58,360|[DEBUG] SQL -
    /* delete ClubMembership as generatedAlias0 
    where
        1=1 */ delete 
        from
            club_membership 
        where
            1=1
2024-03-21T16:48:58,364|[DEBUG] SQL -
    /* delete PeerTutorRegistration as generatedAlias0 
    where
        1=1 */ delete 
        from
            peer_tutor_registration 
        where
            1=1
2024-03-21T16:48:58,367|[DEBUG] SQL -
    /* delete Course as generatedAlias0 
    where
        1=1 */ delete 
        from
            course 
        where
            1=1
2024-03-21T16:48:58,369|[DEBUG] SQL -
    /* delete Student as generatedAlias0 
    where
        1=1 */ delete 
        from
            student 
        where
            1=1
2024-03-21T16:48:58,371|[DEBUG] SQL -
    /* delete PeerTutor as generatedAlias0 
    where
        1=1 */ delete 
        from
            peer_tutor 
        where
            1=1
2024-03-21T16:48:58,378|[DEBUG] SQL -
    /* select
        count(generatedAlias0) 
    from
        PeerTutorRegistration as generatedAlias0 */ select
            count(peertutorr0_.course_id) as col_0_0_ 
        from
            peer_tutor_registration peertutorr0_
]]></system-out>
  </testcase>
  <testcase name="test02_Create" classname="acmecollege.entity.TestCRUDPeerTutorRegistrationOriginal" time="0.053">
    <system-out><![CDATA[2024-03-21T16:48:58,394|[DEBUG] SQL -
    /* insert acmecollege.entity.Course
        */ insert 
        into
            course
            (created, updated, version, course_code, course_title, credit_units, online, semester, year) 
        values
            (?, ?, ?, ?, ?, ?, ?, ?, ?)
2024-03-21T16:48:58,394|[TRACE] BasicBinder -binding parameter [1] as [TIMESTAMP] - [2024-03-21T16:48:58.392060800]
2024-03-21T16:48:58,395|[TRACE] BasicBinder -binding parameter [2] as [TIMESTAMP] - [2024-03-21T16:48:58.392060800]
2024-03-21T16:48:58,395|[TRACE] BasicBinder -binding parameter [3] as [INTEGER] - [0]
2024-03-21T16:48:58,395|[TRACE] BasicBinder -binding parameter [4] as [VARCHAR] - [CST8277]
2024-03-21T16:48:58,395|[TRACE] BasicBinder -binding parameter [5] as [VARCHAR] - [Enterprise Application Programming]
2024-03-21T16:48:58,395|[TRACE] BasicBinder -binding parameter [6] as [INTEGER] - [3]
2024-03-21T16:48:58,395|[TRACE] BasicBinder -binding parameter [7] as [TINYINT] - [0]
2024-03-21T16:48:58,395|[TRACE] BasicBinder -binding parameter [8] as [VARCHAR] - [AUTUMN]
2024-03-21T16:48:58,396|[TRACE] BasicBinder -binding parameter [9] as [INTEGER] - [2022]
2024-03-21T16:48:58,400|[DEBUG] SQL -
    /* insert acmecollege.entity.Student
        */ insert 
        into
            student
            (created, updated, version, first_name, last_name) 
        values
            (?, ?, ?, ?, ?)
2024-03-21T16:48:58,400|[TRACE] BasicBinder -binding parameter [1] as [TIMESTAMP] - [2024-03-21T16:48:58.399055300]
2024-03-21T16:48:58,401|[TRACE] BasicBinder -binding parameter [2] as [TIMESTAMP] - [2024-03-21T16:48:58.399055300]
2024-03-21T16:48:58,401|[TRACE] BasicBinder -binding parameter [3] as [INTEGER] - [0]
2024-03-21T16:48:58,402|[TRACE] BasicBinder -binding parameter [4] as [VARCHAR] - [John]
2024-03-21T16:48:58,402|[TRACE] BasicBinder -binding parameter [5] as [VARCHAR] - [Smith]
2024-03-21T16:48:58,405|[DEBUG] SQL -
    /* insert acmecollege.entity.PeerTutor
        */ insert 
        into
            peer_tutor
            (created, updated, version, first_name, last_name, program) 
        values
            (?, ?, ?, ?, ?, ?)
2024-03-21T16:48:58,406|[TRACE] BasicBinder -binding parameter [1] as [TIMESTAMP] - [2024-03-21T16:48:58.405054100]
2024-03-21T16:48:58,406|[TRACE] BasicBinder -binding parameter [2] as [TIMESTAMP] - [2024-03-21T16:48:58.405054100]
2024-03-21T16:48:58,407|[TRACE] BasicBinder -binding parameter [3] as [INTEGER] - [0]
2024-03-21T16:48:58,407|[TRACE] BasicBinder -binding parameter [4] as [VARCHAR] - [Peter]
2024-03-21T16:48:58,407|[TRACE] BasicBinder -binding parameter [5] as [VARCHAR] - [Schmidt]
2024-03-21T16:48:58,407|[TRACE] BasicBinder -binding parameter [6] as [VARCHAR] - [Information and Communications Technology]
2024-03-21T16:48:58,416|[DEBUG] SQL -
    /* insert acmecollege.entity.PeerTutorRegistration
        */ insert 
        into
            peer_tutor_registration
            (created, updated, version, letter_grade, numeric_grade, peer_tutor_id, course_id, student_id) 
        values
            (?, ?, ?, ?, ?, ?, ?, ?)
2024-03-21T16:48:58,416|[TRACE] BasicBinder -binding parameter [1] as [TIMESTAMP] - [2024-03-21T16:48:58.390056100]
2024-03-21T16:48:58,417|[TRACE] BasicBinder -binding parameter [2] as [TIMESTAMP] - [2024-03-21T16:48:58.390056100]
2024-03-21T16:48:58,417|[TRACE] BasicBinder -binding parameter [3] as [INTEGER] - [0]
2024-03-21T16:48:58,417|[TRACE] BasicBinder -binding parameter [4] as [VARCHAR] - [A+]
2024-03-21T16:48:58,417|[TRACE] BasicBinder -binding parameter [5] as [INTEGER] - [100]
2024-03-21T16:48:58,417|[TRACE] BasicBinder -binding parameter [6] as [INTEGER] - [1]
2024-03-21T16:48:58,418|[TRACE] BasicBinder -binding parameter [7] as [INTEGER] - [1]
2024-03-21T16:48:58,418|[TRACE] BasicBinder -binding parameter [8] as [INTEGER] - [1]
2024-03-21T16:48:58,432|[DEBUG] SQL -
    /* select
        count(generatedAlias0) 
    from
        PeerTutorRegistration as generatedAlias0 
    where
        generatedAlias0.id=:id */ select
            count(peertutorr0_.course_id) as col_0_0_ 
        from
            peer_tutor_registration peertutorr0_ 
        where
            (
                peertutorr0_.course_id, peertutorr0_.student_id
            )=(
                ?, ?
            )
2024-03-21T16:48:58,434|[TRACE] BasicBinder -binding parameter [1] as [INTEGER] - [1]
2024-03-21T16:48:58,434|[TRACE] BasicBinder -binding parameter [2] as [INTEGER] - [1]
]]></system-out>
  </testcase>
  <testcase name="test03_CreateInvalid" classname="acmecollege.entity.TestCRUDPeerTutorRegistrationOriginal" time="0.006"/>
  <testcase name="test04_Read" classname="acmecollege.entity.TestCRUDPeerTutorRegistrationOriginal" time="0.035">
    <system-out><![CDATA[2024-03-21T16:48:58,455|[DEBUG] SQL -
    /* select
        generatedAlias0 
    from
        PeerTutorRegistration as generatedAlias0 */ select
            peertutorr0_.course_id as course_i1_4_,
            peertutorr0_.student_id as student_2_4_,
            peertutorr0_.created as created3_4_,
            peertutorr0_.updated as updated4_4_,
            peertutorr0_.version as version5_4_,
            peertutorr0_.letter_grade as letter_g6_4_,
            peertutorr0_.numeric_grade as numeric_7_4_,
            peertutorr0_.peer_tutor_id as peer_tut8_4_ 
        from
            peer_tutor_registration peertutorr0_
]]></system-out>
  </testcase>
  <testcase name="test05_ReadDependencies" classname="acmecollege.entity.TestCRUDPeerTutorRegistrationOriginal" time="0.027">
    <system-out><![CDATA[2024-03-21T16:48:58,489|[DEBUG] SQL -
    /* select
        generatedAlias0 
    from
        PeerTutorRegistration as generatedAlias0 
    where
        generatedAlias0.id=:id */ select
            peertutorr0_.course_id as course_i1_4_,
            peertutorr0_.student_id as student_2_4_,
            peertutorr0_.created as created3_4_,
            peertutorr0_.updated as updated4_4_,
            peertutorr0_.version as version5_4_,
            peertutorr0_.letter_grade as letter_g6_4_,
            peertutorr0_.numeric_grade as numeric_7_4_,
            peertutorr0_.peer_tutor_id as peer_tut8_4_ 
        from
            peer_tutor_registration peertutorr0_ 
        where
            (
                peertutorr0_.course_id, peertutorr0_.student_id
            )=(
                ?, ?
            )
2024-03-21T16:48:58,491|[TRACE] BasicBinder -binding parameter [1] as [INTEGER] - [1]
2024-03-21T16:48:58,491|[TRACE] BasicBinder -binding parameter [2] as [INTEGER] - [1]
2024-03-21T16:48:58,497|[DEBUG] SQL -
    select
        student0_.id as id1_5_0_,
        student0_.created as created2_5_0_,
        student0_.updated as updated3_5_0_,
        student0_.version as version4_5_0_,
        student0_.first_name as first_na5_5_0_,
        student0_.last_name as last_nam6_5_0_ 
    from
        student student0_ 
    where
        student0_.id=?
2024-03-21T16:48:58,499|[TRACE] BasicBinder -binding parameter [1] as [INTEGER] - [1]
2024-03-21T16:48:58,503|[DEBUG] SQL -
    select
        course0_.course_id as course_i1_1_0_,
        course0_.created as created2_1_0_,
        course0_.updated as updated3_1_0_,
        course0_.version as version4_1_0_,
        course0_.course_code as course_c5_1_0_,
        course0_.course_title as course_t6_1_0_,
        course0_.credit_units as credit_u7_1_0_,
        course0_.online as online8_1_0_,
        course0_.semester as semester9_1_0_,
        course0_.year as year10_1_0_ 
    from
        course course0_ 
    where
        course0_.course_id=?
2024-03-21T16:48:58,504|[TRACE] BasicBinder -binding parameter [1] as [INTEGER] - [1]
2024-03-21T16:48:58,506|[DEBUG] SQL -
    select
        peertutor0_.peer_tutor_id as peer_tut1_3_0_,
        peertutor0_.created as created2_3_0_,
        peertutor0_.updated as updated3_3_0_,
        peertutor0_.version as version4_3_0_,
        peertutor0_.first_name as first_na5_3_0_,
        peertutor0_.last_name as last_nam6_3_0_,
        peertutor0_.program as program7_3_0_ 
    from
        peer_tutor peertutor0_ 
    where
        peertutor0_.peer_tutor_id=?
2024-03-21T16:48:58,507|[TRACE] BasicBinder -binding parameter [1] as [INTEGER] - [1]
]]></system-out>
  </testcase>
  <testcase name="test06_Update" classname="acmecollege.entity.TestCRUDPeerTutorRegistrationOriginal" time="0.034">
    <system-out><![CDATA[2024-03-21T16:48:58,516|[DEBUG] SQL -
    /* select
        generatedAlias0 
    from
        PeerTutorRegistration as generatedAlias0 
    where
        generatedAlias0.id=:id */ select
            peertutorr0_.course_id as course_i1_4_,
            peertutorr0_.student_id as student_2_4_,
            peertutorr0_.created as created3_4_,
            peertutorr0_.updated as updated4_4_,
            peertutorr0_.version as version5_4_,
            peertutorr0_.letter_grade as letter_g6_4_,
            peertutorr0_.numeric_grade as numeric_7_4_,
            peertutorr0_.peer_tutor_id as peer_tut8_4_ 
        from
            peer_tutor_registration peertutorr0_ 
        where
            (
                peertutorr0_.course_id, peertutorr0_.student_id
            )=(
                ?, ?
            )
2024-03-21T16:48:58,518|[TRACE] BasicBinder -binding parameter [1] as [INTEGER] - [1]
2024-03-21T16:48:58,518|[TRACE] BasicBinder -binding parameter [2] as [INTEGER] - [1]
2024-03-21T16:48:58,526|[DEBUG] SQL -
    /* update
        acmecollege.entity.PeerTutorRegistration */ update
            peer_tutor_registration 
        set
            updated=?,
            version=?,
            letter_grade=?,
            numeric_grade=?,
            peer_tutor_id=? 
        where
            course_id=? 
            and student_id=? 
            and version=?
2024-03-21T16:48:58,527|[TRACE] BasicBinder -binding parameter [1] as [TIMESTAMP] - [2024-03-21T16:48:58]
2024-03-21T16:48:58,527|[TRACE] BasicBinder -binding parameter [2] as [INTEGER] - [1]
2024-03-21T16:48:58,527|[TRACE] BasicBinder -binding parameter [3] as [VARCHAR] - [A]
2024-03-21T16:48:58,527|[TRACE] BasicBinder -binding parameter [4] as [INTEGER] - [85]
2024-03-21T16:48:58,527|[TRACE] BasicBinder -binding parameter [5] as [INTEGER] - [1]
2024-03-21T16:48:58,527|[TRACE] BasicBinder -binding parameter [6] as [INTEGER] - [1]
2024-03-21T16:48:58,527|[TRACE] BasicBinder -binding parameter [7] as [INTEGER] - [1]
2024-03-21T16:48:58,528|[TRACE] BasicBinder -binding parameter [8] as [INTEGER] - [0]
2024-03-21T16:48:58,540|[DEBUG] SQL -
    /* select
        generatedAlias0 
    from
        PeerTutorRegistration as generatedAlias0 
    where
        generatedAlias0.id=:id */ select
            peertutorr0_.course_id as course_i1_4_,
            peertutorr0_.student_id as student_2_4_,
            peertutorr0_.created as created3_4_,
            peertutorr0_.updated as updated4_4_,
            peertutorr0_.version as version5_4_,
            peertutorr0_.letter_grade as letter_g6_4_,
            peertutorr0_.numeric_grade as numeric_7_4_,
            peertutorr0_.peer_tutor_id as peer_tut8_4_ 
        from
            peer_tutor_registration peertutorr0_ 
        where
            (
                peertutorr0_.course_id, peertutorr0_.student_id
            )=(
                ?, ?
            )
2024-03-21T16:48:58,541|[TRACE] BasicBinder -binding parameter [1] as [INTEGER] - [1]
2024-03-21T16:48:58,542|[TRACE] BasicBinder -binding parameter [2] as [INTEGER] - [1]
]]></system-out>
  </testcase>
  <testcase name="test07_UpdateDependencies" classname="acmecollege.entity.TestCRUDPeerTutorRegistrationOriginal" time="0.081">
    <system-out><![CDATA[2024-03-21T16:48:58,548|[DEBUG] SQL -
    /* select
        generatedAlias0 
    from
        PeerTutorRegistration as generatedAlias0 
    where
        generatedAlias0.id=:id */ select
            peertutorr0_.course_id as course_i1_4_,
            peertutorr0_.student_id as student_2_4_,
            peertutorr0_.created as created3_4_,
            peertutorr0_.updated as updated4_4_,
            peertutorr0_.version as version5_4_,
            peertutorr0_.letter_grade as letter_g6_4_,
            peertutorr0_.numeric_grade as numeric_7_4_,
            peertutorr0_.peer_tutor_id as peer_tut8_4_ 
        from
            peer_tutor_registration peertutorr0_ 
        where
            (
                peertutorr0_.course_id, peertutorr0_.student_id
            )=(
                ?, ?
            )
2024-03-21T16:48:58,549|[TRACE] BasicBinder -binding parameter [1] as [INTEGER] - [1]
2024-03-21T16:48:58,550|[TRACE] BasicBinder -binding parameter [2] as [INTEGER] - [1]
2024-03-21T16:48:58,557|[DEBUG] SQL -
    select
        course0_.course_id as course_i1_1_0_,
        course0_.created as created2_1_0_,
        course0_.updated as updated3_1_0_,
        course0_.version as version4_1_0_,
        course0_.course_code as course_c5_1_0_,
        course0_.course_title as course_t6_1_0_,
        course0_.credit_units as credit_u7_1_0_,
        course0_.online as online8_1_0_,
        course0_.semester as semester9_1_0_,
        course0_.year as year10_1_0_ 
    from
        course course0_ 
    where
        course0_.course_id=?
2024-03-21T16:48:58,558|[TRACE] BasicBinder -binding parameter [1] as [INTEGER] - [1]
2024-03-21T16:48:58,563|[DEBUG] SQL -
    select
        peertutor0_.peer_tutor_id as peer_tut1_3_0_,
        peertutor0_.created as created2_3_0_,
        peertutor0_.updated as updated3_3_0_,
        peertutor0_.version as version4_3_0_,
        peertutor0_.first_name as first_na5_3_0_,
        peertutor0_.last_name as last_nam6_3_0_,
        peertutor0_.program as program7_3_0_ 
    from
        peer_tutor peertutor0_ 
    where
        peertutor0_.peer_tutor_id=?
2024-03-21T16:48:58,564|[TRACE] BasicBinder -binding parameter [1] as [INTEGER] - [1]
2024-03-21T16:48:58,567|[DEBUG] SQL -
    select
        student0_.id as id1_5_0_,
        student0_.created as created2_5_0_,
        student0_.updated as updated3_5_0_,
        student0_.version as version4_5_0_,
        student0_.first_name as first_na5_5_0_,
        student0_.last_name as last_nam6_5_0_ 
    from
        student student0_ 
    where
        student0_.id=?
2024-03-21T16:48:58,568|[TRACE] BasicBinder -binding parameter [1] as [INTEGER] - [1]
2024-03-21T16:48:58,575|[DEBUG] SQL -
    select
        peertutorr0_.peer_tutor_id as peer_tut8_4_0_,
        peertutorr0_.course_id as course_i1_4_0_,
        peertutorr0_.student_id as student_2_4_0_,
        peertutorr0_.course_id as course_i1_4_1_,
        peertutorr0_.student_id as student_2_4_1_,
        peertutorr0_.created as created3_4_1_,
        peertutorr0_.updated as updated4_4_1_,
        peertutorr0_.version as version5_4_1_,
        peertutorr0_.letter_grade as letter_g6_4_1_,
        peertutorr0_.numeric_grade as numeric_7_4_1_,
        peertutorr0_.peer_tutor_id as peer_tut8_4_1_ 
    from
        peer_tutor_registration peertutorr0_ 
    where
        peertutorr0_.peer_tutor_id=?
2024-03-21T16:48:58,578|[TRACE] BasicBinder -binding parameter [1] as [INTEGER] - [1]
2024-03-21T16:48:58,587|[DEBUG] SQL -
    select
        peertutorr0_.course_id as course_i1_4_0_,
        peertutorr0_.student_id as student_2_4_0_,
        peertutorr0_.course_id as course_i1_4_1_,
        peertutorr0_.student_id as student_2_4_1_,
        peertutorr0_.created as created3_4_1_,
        peertutorr0_.updated as updated4_4_1_,
        peertutorr0_.version as version5_4_1_,
        peertutorr0_.letter_grade as letter_g6_4_1_,
        peertutorr0_.numeric_grade as numeric_7_4_1_,
        peertutorr0_.peer_tutor_id as peer_tut8_4_1_ 
    from
        peer_tutor_registration peertutorr0_ 
    where
        peertutorr0_.course_id=?
2024-03-21T16:48:58,587|[TRACE] BasicBinder -binding parameter [1] as [INTEGER] - [1]
2024-03-21T16:48:58,591|[DEBUG] SQL -
    select
        peertutorr0_.student_id as student_2_4_0_,
        peertutorr0_.course_id as course_i1_4_0_,
        peertutorr0_.course_id as course_i1_4_1_,
        peertutorr0_.student_id as student_2_4_1_,
        peertutorr0_.created as created3_4_1_,
        peertutorr0_.updated as updated4_4_1_,
        peertutorr0_.version as version5_4_1_,
        peertutorr0_.letter_grade as letter_g6_4_1_,
        peertutorr0_.numeric_grade as numeric_7_4_1_,
        peertutorr0_.peer_tutor_id as peer_tut8_4_1_ 
    from
        peer_tutor_registration peertutorr0_ 
    where
        peertutorr0_.student_id=?
2024-03-21T16:48:58,592|[TRACE] BasicBinder -binding parameter [1] as [INTEGER] - [1]
2024-03-21T16:48:58,600|[DEBUG] SQL -
    /* update
        acmecollege.entity.Course */ update
            course 
        set
            updated=?,
            version=?,
            course_code=?,
            course_title=?,
            credit_units=?,
            online=?,
            semester=?,
            year=? 
        where
            course_id=? 
            and version=?
2024-03-21T16:48:58,601|[TRACE] BasicBinder -binding parameter [1] as [TIMESTAMP] - [2024-03-21T16:48:58.597641800]
2024-03-21T16:48:58,602|[TRACE] BasicBinder -binding parameter [2] as [INTEGER] - [1]
2024-03-21T16:48:58,602|[TRACE] BasicBinder -binding parameter [3] as [VARCHAR] - [CST8116]
2024-03-21T16:48:58,602|[TRACE] BasicBinder -binding parameter [4] as [VARCHAR] - [Introduction to Computer Programming]
2024-03-21T16:48:58,603|[TRACE] BasicBinder -binding parameter [5] as [INTEGER] - [3]
2024-03-21T16:48:58,603|[TRACE] BasicBinder -binding parameter [6] as [TINYINT] - [0]
2024-03-21T16:48:58,603|[TRACE] BasicBinder -binding parameter [7] as [VARCHAR] - [WINTER]
2024-03-21T16:48:58,603|[TRACE] BasicBinder -binding parameter [8] as [INTEGER] - [2021]
2024-03-21T16:48:58,603|[TRACE] BasicBinder -binding parameter [9] as [INTEGER] - [1]
2024-03-21T16:48:58,603|[TRACE] BasicBinder -binding parameter [10] as [INTEGER] - [0]
2024-03-21T16:48:58,607|[DEBUG] SQL -
    /* update
        acmecollege.entity.PeerTutor */ update
            peer_tutor 
        set
            updated=?,
            version=?,
            first_name=?,
            last_name=?,
            program=? 
        where
            peer_tutor_id=? 
            and version=?
2024-03-21T16:48:58,608|[TRACE] BasicBinder -binding parameter [1] as [TIMESTAMP] - [2024-03-21T16:48:58.598655100]
2024-03-21T16:48:58,608|[TRACE] BasicBinder -binding parameter [2] as [INTEGER] - [1]
2024-03-21T16:48:58,608|[TRACE] BasicBinder -binding parameter [3] as [VARCHAR] - [Charles]
2024-03-21T16:48:58,608|[TRACE] BasicBinder -binding parameter [4] as [VARCHAR] - [Xavier]
2024-03-21T16:48:58,608|[TRACE] BasicBinder -binding parameter [5] as [VARCHAR] - [Physics]
2024-03-21T16:48:58,609|[TRACE] BasicBinder -binding parameter [6] as [INTEGER] - [1]
2024-03-21T16:48:58,609|[TRACE] BasicBinder -binding parameter [7] as [INTEGER] - [0]
2024-03-21T16:48:58,611|[DEBUG] SQL -
    /* update
        acmecollege.entity.Student */ update
            student 
        set
            updated=?,
            version=?,
            first_name=?,
            last_name=? 
        where
            id=? 
            and version=?
2024-03-21T16:48:58,611|[TRACE] BasicBinder -binding parameter [1] as [TIMESTAMP] - [2024-03-21T16:48:58.599644]
2024-03-21T16:48:58,611|[TRACE] BasicBinder -binding parameter [2] as [INTEGER] - [1]
2024-03-21T16:48:58,611|[TRACE] BasicBinder -binding parameter [3] as [VARCHAR] - [Jack]
2024-03-21T16:48:58,612|[TRACE] BasicBinder -binding parameter [4] as [VARCHAR] - [Jackson]
2024-03-21T16:48:58,612|[TRACE] BasicBinder -binding parameter [5] as [INTEGER] - [1]
2024-03-21T16:48:58,612|[TRACE] BasicBinder -binding parameter [6] as [INTEGER] - [0]
2024-03-21T16:48:58,621|[DEBUG] SQL -
    /* select
        generatedAlias0 
    from
        PeerTutorRegistration as generatedAlias0 
    where
        generatedAlias0.id=:id */ select
            peertutorr0_.course_id as course_i1_4_,
            peertutorr0_.student_id as student_2_4_,
            peertutorr0_.created as created3_4_,
            peertutorr0_.updated as updated4_4_,
            peertutorr0_.version as version5_4_,
            peertutorr0_.letter_grade as letter_g6_4_,
            peertutorr0_.numeric_grade as numeric_7_4_,
            peertutorr0_.peer_tutor_id as peer_tut8_4_ 
        from
            peer_tutor_registration peertutorr0_ 
        where
            (
                peertutorr0_.course_id, peertutorr0_.student_id
            )=(
                ?, ?
            )
2024-03-21T16:48:58,623|[TRACE] BasicBinder -binding parameter [1] as [INTEGER] - [1]
2024-03-21T16:48:58,623|[TRACE] BasicBinder -binding parameter [2] as [INTEGER] - [1]
]]></system-out>
  </testcase>
  <testcase name="test08_DeleteDependecy" classname="acmecollege.entity.TestCRUDPeerTutorRegistrationOriginal" time="0.042">
    <system-out><![CDATA[2024-03-21T16:48:58,630|[DEBUG] SQL -
    /* select
        generatedAlias0 
    from
        PeerTutorRegistration as generatedAlias0 
    where
        generatedAlias0.id=:id */ select
            peertutorr0_.course_id as course_i1_4_,
            peertutorr0_.student_id as student_2_4_,
            peertutorr0_.created as created3_4_,
            peertutorr0_.updated as updated4_4_,
            peertutorr0_.version as version5_4_,
            peertutorr0_.letter_grade as letter_g6_4_,
            peertutorr0_.numeric_grade as numeric_7_4_,
            peertutorr0_.peer_tutor_id as peer_tut8_4_ 
        from
            peer_tutor_registration peertutorr0_ 
        where
            (
                peertutorr0_.course_id, peertutorr0_.student_id
            )=(
                ?, ?
            )
2024-03-21T16:48:58,632|[TRACE] BasicBinder -binding parameter [1] as [INTEGER] - [1]
2024-03-21T16:48:58,632|[TRACE] BasicBinder -binding parameter [2] as [INTEGER] - [1]
2024-03-21T16:48:58,641|[DEBUG] SQL -
    /* update
        acmecollege.entity.PeerTutorRegistration */ update
            peer_tutor_registration 
        set
            updated=?,
            version=?,
            letter_grade=?,
            numeric_grade=?,
            peer_tutor_id=? 
        where
            course_id=? 
            and student_id=? 
            and version=?
2024-03-21T16:48:58,642|[TRACE] BasicBinder -binding parameter [1] as [TIMESTAMP] - [2024-03-21T16:48:58]
2024-03-21T16:48:58,643|[TRACE] BasicBinder -binding parameter [2] as [INTEGER] - [2]
2024-03-21T16:48:58,643|[TRACE] BasicBinder -binding parameter [3] as [VARCHAR] - [A]
2024-03-21T16:48:58,643|[TRACE] BasicBinder -binding parameter [4] as [INTEGER] - [85]
2024-03-21T16:48:58,643|[TRACE] BasicBinder -binding parameter [5] as [INTEGER] - [null]
2024-03-21T16:48:58,645|[TRACE] BasicBinder -binding parameter [6] as [INTEGER] - [1]
2024-03-21T16:48:58,645|[TRACE] BasicBinder -binding parameter [7] as [INTEGER] - [1]
2024-03-21T16:48:58,645|[TRACE] BasicBinder -binding parameter [8] as [INTEGER] - [1]
2024-03-21T16:48:58,656|[DEBUG] SQL -
    /* select
        generatedAlias0 
    from
        PeerTutorRegistration as generatedAlias0 
    where
        generatedAlias0.id=:id */ select
            peertutorr0_.course_id as course_i1_4_,
            peertutorr0_.student_id as student_2_4_,
            peertutorr0_.created as created3_4_,
            peertutorr0_.updated as updated4_4_,
            peertutorr0_.version as version5_4_,
            peertutorr0_.letter_grade as letter_g6_4_,
            peertutorr0_.numeric_grade as numeric_7_4_,
            peertutorr0_.peer_tutor_id as peer_tut8_4_ 
        from
            peer_tutor_registration peertutorr0_ 
        where
            (
                peertutorr0_.course_id, peertutorr0_.student_id
            )=(
                ?, ?
            )
2024-03-21T16:48:58,658|[TRACE] BasicBinder -binding parameter [1] as [INTEGER] - [1]
2024-03-21T16:48:58,658|[TRACE] BasicBinder -binding parameter [2] as [INTEGER] - [1]
2024-03-21T16:48:58,666|[DEBUG] SQL -
    /* select
        count(generatedAlias0) 
    from
        PeerTutor as generatedAlias0 
    where
        generatedAlias0.id=:id */ select
            count(peertutor0_.peer_tutor_id) as col_0_0_ 
        from
            peer_tutor peertutor0_ 
        where
            peertutor0_.peer_tutor_id=?
2024-03-21T16:48:58,667|[TRACE] BasicBinder -binding parameter [1] as [INTEGER] - [1]
]]></system-out>
  </testcase>
  <testcase name="test09_Delete" classname="acmecollege.entity.TestCRUDPeerTutorRegistrationOriginal" time="0.085">
    <system-out><![CDATA[2024-03-21T16:48:58,673|[DEBUG] SQL -
    /* select
        generatedAlias0 
    from
        PeerTutorRegistration as generatedAlias0 
    where
        generatedAlias0.id=:id */ select
            peertutorr0_.course_id as course_i1_4_,
            peertutorr0_.student_id as student_2_4_,
            peertutorr0_.created as created3_4_,
            peertutorr0_.updated as updated4_4_,
            peertutorr0_.version as version5_4_,
            peertutorr0_.letter_grade as letter_g6_4_,
            peertutorr0_.numeric_grade as numeric_7_4_,
            peertutorr0_.peer_tutor_id as peer_tut8_4_ 
        from
            peer_tutor_registration peertutorr0_ 
        where
            (
                peertutorr0_.course_id, peertutorr0_.student_id
            )=(
                ?, ?
            )
2024-03-21T16:48:58,675|[TRACE] BasicBinder -binding parameter [1] as [INTEGER] - [1]
2024-03-21T16:48:58,675|[TRACE] BasicBinder -binding parameter [2] as [INTEGER] - [1]
2024-03-21T16:48:58,682|[DEBUG] SQL -
    select
        student0_.id as id1_5_0_,
        student0_.created as created2_5_0_,
        student0_.updated as updated3_5_0_,
        student0_.version as version4_5_0_,
        student0_.first_name as first_na5_5_0_,
        student0_.last_name as last_nam6_5_0_ 
    from
        student student0_ 
    where
        student0_.id=?
2024-03-21T16:48:58,683|[TRACE] BasicBinder -binding parameter [1] as [INTEGER] - [1]
2024-03-21T16:48:58,686|[DEBUG] SQL -
    select
        peertutorr0_.student_id as student_2_4_0_,
        peertutorr0_.course_id as course_i1_4_0_,
        peertutorr0_.course_id as course_i1_4_1_,
        peertutorr0_.student_id as student_2_4_1_,
        peertutorr0_.created as created3_4_1_,
        peertutorr0_.updated as updated4_4_1_,
        peertutorr0_.version as version5_4_1_,
        peertutorr0_.letter_grade as letter_g6_4_1_,
        peertutorr0_.numeric_grade as numeric_7_4_1_,
        peertutorr0_.peer_tutor_id as peer_tut8_4_1_ 
    from
        peer_tutor_registration peertutorr0_ 
    where
        peertutorr0_.student_id=?
2024-03-21T16:48:58,687|[TRACE] BasicBinder -binding parameter [1] as [INTEGER] - [1]
2024-03-21T16:48:58,691|[DEBUG] SQL -
    /* insert acmecollege.entity.Course
        */ insert 
        into
            course
            (created, updated, version, course_code, course_title, credit_units, online, semester, year) 
        values
            (?, ?, ?, ?, ?, ?, ?, ?, ?)
2024-03-21T16:48:58,692|[TRACE] BasicBinder -binding parameter [1] as [TIMESTAMP] - [2024-03-21T16:48:58.691701800]
2024-03-21T16:48:58,692|[TRACE] BasicBinder -binding parameter [2] as [TIMESTAMP] - [2024-03-21T16:48:58.691701800]
2024-03-21T16:48:58,692|[TRACE] BasicBinder -binding parameter [3] as [INTEGER] - [0]
2024-03-21T16:48:58,693|[TRACE] BasicBinder -binding parameter [4] as [VARCHAR] - [CST8288]
2024-03-21T16:48:58,693|[TRACE] BasicBinder -binding parameter [5] as [VARCHAR] - [Design Patters in Java]
2024-03-21T16:48:58,693|[TRACE] BasicBinder -binding parameter [6] as [INTEGER] - [3]
2024-03-21T16:48:58,693|[TRACE] BasicBinder -binding parameter [7] as [TINYINT] - [0]
2024-03-21T16:48:58,693|[TRACE] BasicBinder -binding parameter [8] as [VARCHAR] - [SPRING]
2024-03-21T16:48:58,694|[TRACE] BasicBinder -binding parameter [9] as [INTEGER] - [2022]
2024-03-21T16:48:58,702|[DEBUG] SQL -
    /* insert acmecollege.entity.PeerTutorRegistration
        */ insert 
        into
            peer_tutor_registration
            (created, updated, version, letter_grade, numeric_grade, peer_tutor_id, course_id, student_id) 
        values
            (?, ?, ?, ?, ?, ?, ?, ?)
2024-03-21T16:48:58,703|[TRACE] BasicBinder -binding parameter [1] as [TIMESTAMP] - [2024-03-21T16:48:58.690704700]
2024-03-21T16:48:58,703|[TRACE] BasicBinder -binding parameter [2] as [TIMESTAMP] - [2024-03-21T16:48:58.690704700]
2024-03-21T16:48:58,704|[TRACE] BasicBinder -binding parameter [3] as [INTEGER] - [0]
2024-03-21T16:48:58,704|[TRACE] BasicBinder -binding parameter [4] as [VARCHAR] - [null]
2024-03-21T16:48:58,704|[TRACE] BasicBinder -binding parameter [5] as [INTEGER] - [99]
2024-03-21T16:48:58,704|[TRACE] BasicBinder -binding parameter [6] as [INTEGER] - [null]
2024-03-21T16:48:58,705|[TRACE] BasicBinder -binding parameter [7] as [INTEGER] - [2]
2024-03-21T16:48:58,705|[TRACE] BasicBinder -binding parameter [8] as [INTEGER] - [1]
2024-03-21T16:48:58,724|[DEBUG] SQL -
    select
        course0_.course_id as course_i1_1_0_,
        course0_.created as created2_1_0_,
        course0_.updated as updated3_1_0_,
        course0_.version as version4_1_0_,
        course0_.course_code as course_c5_1_0_,
        course0_.course_title as course_t6_1_0_,
        course0_.credit_units as credit_u7_1_0_,
        course0_.online as online8_1_0_,
        course0_.semester as semester9_1_0_,
        course0_.year as year10_1_0_ 
    from
        course course0_ 
    where
        course0_.course_id=?
2024-03-21T16:48:58,725|[TRACE] BasicBinder -binding parameter [1] as [INTEGER] - [1]
2024-03-21T16:48:58,735|[DEBUG] SQL -
    /* delete acmecollege.entity.PeerTutorRegistration */ delete 
        from
            peer_tutor_registration 
        where
            course_id=? 
            and student_id=? 
            and version=?
2024-03-21T16:48:58,735|[TRACE] BasicBinder -binding parameter [1] as [INTEGER] - [1]
2024-03-21T16:48:58,735|[TRACE] BasicBinder -binding parameter [2] as [INTEGER] - [1]
2024-03-21T16:48:58,736|[TRACE] BasicBinder -binding parameter [3] as [INTEGER] - [2]
2024-03-21T16:48:58,741|[DEBUG] SQL -
    /* delete acmecollege.entity.Course */ delete 
        from
            course 
        where
            course_id=? 
            and version=?
2024-03-21T16:48:58,742|[TRACE] BasicBinder -binding parameter [1] as [INTEGER] - [1]
2024-03-21T16:48:58,742|[TRACE] BasicBinder -binding parameter [2] as [INTEGER] - [1]
2024-03-21T16:48:58,751|[DEBUG] SQL -
    /* select
        count(generatedAlias0) 
    from
        PeerTutorRegistration as generatedAlias0 
    where
        generatedAlias0.id=:id */ select
            count(peertutorr0_.course_id) as col_0_0_ 
        from
            peer_tutor_registration peertutorr0_ 
        where
            (
                peertutorr0_.course_id, peertutorr0_.student_id
            )=(
                ?, ?
            )
2024-03-21T16:48:58,751|[TRACE] BasicBinder -binding parameter [1] as [INTEGER] - [1]
2024-03-21T16:48:58,752|[TRACE] BasicBinder -binding parameter [2] as [INTEGER] - [1]
2024-03-21T16:48:58,753|[DEBUG] SQL -
    /* select
        count(generatedAlias0) 
    from
        PeerTutorRegistration as generatedAlias0 
    where
        generatedAlias0.id=:id */ select
            count(peertutorr0_.course_id) as col_0_0_ 
        from
            peer_tutor_registration peertutorr0_ 
        where
            (
                peertutorr0_.course_id, peertutorr0_.student_id
            )=(
                ?, ?
            )
2024-03-21T16:48:58,754|[TRACE] BasicBinder -binding parameter [1] as [INTEGER] - [2]
2024-03-21T16:48:58,754|[TRACE] BasicBinder -binding parameter [2] as [INTEGER] - [1]
]]></system-out>
  </testcase>
</testsuite>